(0000) 3000  0011000000000000 (   2)                 .ORIG x3000
(3000) E00A  1110000000001010 (   4)                 LEA   R0 USERPROMPT
(3001) F022  1111000000100010 (   5)                 TRAP  x22
(3002) 5DA0  0101110110100000 (   6)                 AND   R6 R6 #0
(3003) F020  1111000000100000 (  10) GETLINE         TRAP  x20
(3004) F021  1111000000100001 (  11)                 TRAP  x21
(3005) 1A36  0001101000110110 (  12)                 ADD   R5 R0 #-10
(3006) 0402  0000010000000010 (  13)                 BRZ   CONTINUE
(3007) 4817  0100100000010111 (  14)                 JSR   DATA
(3008) 0FFA  0000111111111010 (  15)                 BRNZP GETLINE
(3009) 2014  0010000000010100 (  18) CONTINUE        LD    R0 STRING_HEAD
(300A) F025  1111000000100101 (  19)                 TRAP  x25
(300B) 0045  0000000001000101 (  22) USERPROMPT      .FILL x0045
(300C) 006E  0000000001101110 (  22)                 .FILL x006E
(300D) 0074  0000000001110100 (  22)                 .FILL x0074
(300E) 0065  0000000001100101 (  22)                 .FILL x0065
(300F) 0072  0000000001110010 (  22)                 .FILL x0072
(3010) 0020  0000000000100000 (  22)                 .FILL x0020
(3011) 0069  0000000001101001 (  22)                 .FILL x0069
(3012) 006E  0000000001101110 (  22)                 .FILL x006E
(3013) 0020  0000000000100000 (  22)                 .FILL x0020
(3014) 0061  0000000001100001 (  22)                 .FILL x0061
(3015) 0020  0000000000100000 (  22)                 .FILL x0020
(3016) 004E  0000000001001110 (  22)                 .FILL x004E
(3017) 0061  0000000001100001 (  22)                 .FILL x0061
(3018) 006D  0000000001101101 (  22)                 .FILL x006D
(3019) 0065  0000000001100101 (  22)                 .FILL x0065
(301A) 003A  0000000000111010 (  22)                 .FILL x003A
(301B) 0020  0000000000100000 (  22)                 .FILL x0020
(301C) 0000  0000000000000000 (  22)                 .FILL x0000
(301D) 3100  0011000100000000 (  23) STRING_PTR      .FILL x3100
(301E) 3100  0011000100000000 (  24) STRING_HEAD     .FILL x3100
(301F) 5BE0  0101101111100000 (  27) DATA            AND   R5 R7 #0
(3020) 2BFC  0010101111111100 (  28)                 LD    R5 STRING_PTR
(3021) B1FB  1011000111111011 (  29)                 STI   R0 STRING_PTR
(3022) 1B61  0001101101100001 (  30)                 ADD   R5 R5 #1
(3023) 3BF9  0011101111111001 (  31)                 ST    R5 STRING_PTR
(3024) C1C0  1100000111000000 (  32)                 RET   
