(0000) 3000  0011000000000000 (   2)                 .ORIG x3000
(3000) E06F  1110000001101111 (   4)                 LEA   R0 USERPROMPT
(3001) F022  1111000000100010 (   5)                 TRAP  x22
(3002) 5DA0  0101110110100000 (   6)                 AND   R6 R6 #0
(3003) 5B60  0101101101100000 (   7)                 AND   R5 R5 #0
(3004) F020  1111000000100000 (  11) GETLINE         TRAP  x20
(3005) F021  1111000000100001 (  12)                 TRAP  x21
(3006) 1836  0001100000110110 (  13)                 ADD   R4 R0 #-10
(3007) 0402  0000010000000010 (  14)                 BRZ   CONTINUE
(3008) 4880  0100100010000000 (  15)                 JSR   DATA
(3009) 0FFA  0000111111111010 (  16)                 BRNZP GETLINE
(300A) 5920  0101100100100000 (  21) CONTINUE        AND   R4 R4 #0
(300B) 56E0  0101011011100000 (  22)                 AND   R3 R3 #0
(300C) 5DA0  0101110110100000 (  23)                 AND   R6 R6 #0
(300D) 1B7F  0001101101111111 (  25)                 ADD   R5 R5 #-1
(300E) 9B7F  1001101101111111 (  26)                 NOT   R5 R5
(300F) 1B61  0001101101100001 (  27)                 ADD   R5 R5 #1
(3010) 2672  0010011001110010 (  29)                 LD    R3 STRING_HEAD
(3011) A871  1010100001110001 (  30)                 LDI   R4 STRING_HEAD
(3012) 2C71  0010110001110001 (  31)                 LD    R6 NEW_ARRAY
(3013) B870  1011100001110000 (  32)                 STI   R4 NEW_ARRAY
(3014) 16E1  0001011011100001 (  34)                 ADD   R3 R3 #1
(3015) 1DA1  0001110110100001 (  35)                 ADD   R6 R6 #1
(3016) 366B  0011011001101011 (  36)                 ST    R3 STRING_PTR
(3017) 3C6C  0011110001101100 (  37)                 ST    R6 NEW_ARRAY
(3018) 2669  0010011001101001 (  40) CONFIRM_ARRAY   LD    R3 STRING_PTR
(3019) A868  1010100001101000 (  41)                 LDI   R4 STRING_PTR
(301A) 5FE0  0101111111100000 (  43)                 AND   R7 R7 #0
(301B) 11A0  0001000110100000 (  44)                 ADD   R0 R6 #0
(301C) A467  1010010001100111 (  47) CHECK_REPEAT    LDI   R2 NEW_ARRAY
(301D) 94BF  1001010010111111 (  48)                 NOT   R2 R2
(301E) 14A1  0001010010100001 (  49)                 ADD   R2 R2 #1
(301F) 1E84  0001111010000100 (  50)                 ADD   R7 R2 R4
(3020) 0405  0000010000000101 (  51)                 BRZ   NEXT_CHECK
(3021) 103F  0001000000111111 (  52)                 ADD   R0 R0 #-1
(3022) 026B  0000001001101011 (  53)                 BRP   NEXT_ARRAY
(3023) B860  1011100001100000 (  56)                 STI   R4 NEW_ARRAY
(3024) 1DA1  0001110110100001 (  57)                 ADD   R6 R6 #1
(3025) 3C5E  0011110001011110 (  58)                 ST    R6 NEW_ARRAY
(3026) 16E1  0001011011100001 (  61) NEXT_CHECK      ADD   R3 R3 #1
(3027) 365A  0011011001011010 (  62)                 ST    R3 STRING_PTR
(3028) A85B  1010100001011011 (  63)                 LDI   R4 NEW_ARRAY
(3029) 1F43  0001111101000011 (  64)                 ADD   R7 R5 R3
(302A) 09ED  0000100111101101 (  65)                 BRN   CONFIRM_ARRAY
(302B) 5260  0101001001100000 (  68)                 AND   R1 R1 #0
(302C) BC5B  1011110001011011 (  71)                 STI   R6 MAX_ARRAY
(302D) 5260  0101001001100000 (  72)                 AND   R1 R1 #0
(302E) 5FE0  0101111111100000 (  75) COUNT           AND   R7 R7 #0
(302F) 5DA0  0101110110100000 (  76)                 AND   R6 R6 #0
(3030) 2454  0010010001010100 (  77)                 LD    R2 NEW_ARRAY_HEAD
(3031) 3452  0011010001010010 (  78)                 ST    R2 NEW_ARRAY
(3032) A251  1010001001010001 (  79)                 LDI   R1 NEW_ARRAY
(3033) 264F  0010011001001111 (  80)                 LD    R3 STRING_HEAD
(3034) 364D  0011011001001101 (  81)                 ST    R3 STRING_PTR
(3035) A84C  1010100001001100 (  83) CHECK_ARRAY     LDI   R4 STRING_PTR
(3036) 993F  1001100100111111 (  84)                 NOT   R4 R4
(3037) 1921  0001100100100001 (  85)                 ADD   R4 R4 #1
(3038) 1901  0001100100000001 (  86)                 ADD   R4 R4 R1
(3039) 0458  0000010001011000 (  87)                 BRZ   COUNTER
(303A) 16E1  0001011011100001 (  89) NEXT_COUNT      ADD   R3 R3 #1
(303B) 3646  0011011001000110 (  90)                 ST    R3 STRING_PTR
(303C) 1DA1  0001110110100001 (  91)                 ADD   R6 R6 #1
(303D) 1985  0001100110000101 (  92)                 ADD   R4 R6 R5
(303E) 09F6  0000100111110110 (  93)                 BRN   CHECK_ARRAY
(303F) 2846  0010100001000110 (  95)                 LD    R4 COUNT_ARRAY
(3040) 1FEF  0001111111101111 (  96)                 ADD   R7 R7 #15
(3041) 1FEF  0001111111101111 (  97)                 ADD   R7 R7 #15
(3042) 1FEF  0001111111101111 (  98)                 ADD   R7 R7 #15
(3043) 1FE3  0001111111100011 (  99)                 ADD   R7 R7 #3
(3044) BE41  1011111001000001 ( 100)                 STI   R7 COUNT_ARRAY
(3045) 1921  0001100100100001 ( 101)                 ADD   R4 R4 #1
(3046) 383F  0011100000111111 ( 102)                 ST    R4 COUNT_ARRAY
(3047) 14A1  0001010010100001 ( 103)                 ADD   R2 R2 #1
(3048) 343B  0011010000111011 ( 104)                 ST    R2 NEW_ARRAY
(3049) A23A  1010001000111010 ( 105)                 LDI   R1 NEW_ARRAY
(304A) 103F  0001000000111111 ( 106)                 ADD   R0 R0 #-1
(304B) 03E2  0000001111100010 ( 107)                 BRP   COUNT
(304C) E011  1110000000010001 ( 109)                 LEA   R0 PROMPT
(304D) F022  1111000000100010 ( 110)                 TRAP  x22
(304E) 2436  0010010000110110 ( 112)                 LD    R2 NEW_ARRAY_HEAD
(304F) 2637  0010011000110111 ( 113)                 LD    R3 COUNT_ARRAY_TOP
(3050) 3433  0011010000110011 ( 114)                 ST    R2 NEW_ARRAY
(3051) 3634  0011011000110100 ( 115)                 ST    R3 COUNT_ARRAY
(3052) AC35  1010110000110101 ( 116)                 LDI   R6 MAX_ARRAY
(3053) A030  1010000000110000 ( 118) OUTPUT          LDI   R0 NEW_ARRAY
(3054) F021  1111000000100001 ( 119)                 TRAP  x21
(3055) A030  1010000000110000 ( 120)                 LDI   R0 COUNT_ARRAY
(3056) F021  1111000000100001 ( 121)                 TRAP  x21
(3057) 14A1  0001010010100001 ( 122)                 ADD   R2 R2 #1
(3058) 16E1  0001011011100001 ( 123)                 ADD   R3 R3 #1
(3059) 342A  0011010000101010 ( 124)                 ST    R2 NEW_ARRAY
(305A) 362B  0011011000101011 ( 125)                 ST    R3 COUNT_ARRAY
(305B) 1DBF  0001110110111111 ( 126)                 ADD   R6 R6 #-1
(305C) 03F6  0000001111110110 ( 127)                 BRP   OUTPUT
(305D) F025  1111000000100101 ( 128)                 TRAP  x25
(305E) 0043  0000000001000011 ( 131) PROMPT          .FILL x0043
(305F) 0068  0000000001101000 ( 131)                 .FILL x0068
(3060) 0061  0000000001100001 ( 131)                 .FILL x0061
(3061) 0072  0000000001110010 ( 131)                 .FILL x0072
(3062) 0061  0000000001100001 ( 131)                 .FILL x0061
(3063) 0063  0000000001100011 ( 131)                 .FILL x0063
(3064) 0074  0000000001110100 ( 131)                 .FILL x0074
(3065) 0065  0000000001100101 ( 131)                 .FILL x0065
(3066) 0072  0000000001110010 ( 131)                 .FILL x0072
(3067) 0020  0000000000100000 ( 131)                 .FILL x0020
(3068) 0043  0000000001000011 ( 131)                 .FILL x0043
(3069) 006F  0000000001101111 ( 131)                 .FILL x006F
(306A) 0075  0000000001110101 ( 131)                 .FILL x0075
(306B) 006E  0000000001101110 ( 131)                 .FILL x006E
(306C) 0074  0000000001110100 ( 131)                 .FILL x0074
(306D) 0065  0000000001100101 ( 131)                 .FILL x0065
(306E) 0072  0000000001110010 ( 131)                 .FILL x0072
(306F) 0000  0000000000000000 ( 131)                 .FILL x0000
(3070) 0045  0000000001000101 ( 132) USERPROMPT      .FILL x0045
(3071) 006E  0000000001101110 ( 132)                 .FILL x006E
(3072) 0074  0000000001110100 ( 132)                 .FILL x0074
(3073) 0065  0000000001100101 ( 132)                 .FILL x0065
(3074) 0072  0000000001110010 ( 132)                 .FILL x0072
(3075) 0020  0000000000100000 ( 132)                 .FILL x0020
(3076) 0069  0000000001101001 ( 132)                 .FILL x0069
(3077) 006E  0000000001101110 ( 132)                 .FILL x006E
(3078) 0020  0000000000100000 ( 132)                 .FILL x0020
(3079) 0061  0000000001100001 ( 132)                 .FILL x0061
(307A) 0020  0000000000100000 ( 132)                 .FILL x0020
(307B) 004E  0000000001001110 ( 132)                 .FILL x004E
(307C) 0061  0000000001100001 ( 132)                 .FILL x0061
(307D) 006D  0000000001101101 ( 132)                 .FILL x006D
(307E) 0065  0000000001100101 ( 132)                 .FILL x0065
(307F) 003A  0000000000111010 ( 132)                 .FILL x003A
(3080) 0020  0000000000100000 ( 132)                 .FILL x0020
(3081) 0000  0000000000000000 ( 132)                 .FILL x0000
(3082) 3100  0011000100000000 ( 133) STRING_PTR      .FILL x3100
(3083) 3100  0011000100000000 ( 134) STRING_HEAD     .FILL x3100
(3084) 3200  0011001000000000 ( 135) NEW_ARRAY       .FILL x3200
(3085) 3200  0011001000000000 ( 136) NEW_ARRAY_HEAD  .FILL x3200
(3086) 3300  0011001100000000 ( 137) COUNT_ARRAY     .FILL x3300
(3087) 3300  0011001100000000 ( 138) COUNT_ARRAY_TOP .FILL x3300
(3088) 3400  0011010000000000 ( 139) MAX_ARRAY       .FILL x3400
(3089) 2BF8  0010101111111000 ( 143) DATA            LD    R5 STRING_PTR
(308A) B1F7  1011000111110111 ( 144)                 STI   R0 STRING_PTR
(308B) 1B61  0001101101100001 ( 145)                 ADD   R5 R5 #1
(308C) 3BF5  0011101111110101 ( 146)                 ST    R5 STRING_PTR
(308D) C1C0  1100000111000000 ( 147)                 RET   
(308E) 2FF6  0010111111110110 ( 151) NEXT_ARRAY      LD    R7 NEW_ARRAY_HEAD
(308F) 1FC0  0001111111000000 ( 152)                 ADD   R7 R7 R0
(3090) 3FF3  0011111111110011 ( 153)                 ST    R7 NEW_ARRAY
(3091) 0F8A  0000111110001010 ( 154)                 BRNZP CHECK_REPEAT
(3092) 1FE1  0001111111100001 ( 157) COUNTER         ADD   R7 R7 #1
(3093) 0FA6  0000111110100110 ( 158)                 BRNZP NEXT_COUNT
