(0000) 3000  0011000000000000 (   2)                 .ORIG x3000
(3000) E047  1110000001000111 (   4)                 LEA   R0 USERPROMPT
(3001) F022  1111000000100010 (   5)                 TRAP  x22
(3002) 5DA0  0101110110100000 (   6)                 AND   R6 R6 #0
(3003) 5B60  0101101101100000 (   7)                 AND   R5 R5 #0
(3004) F020  1111000000100000 (  11) GETLINE         TRAP  x20
(3005) F021  1111000000100001 (  12)                 TRAP  x21
(3006) 1836  0001100000110110 (  13)                 ADD   R4 R0 #-10
(3007) 0402  0000010000000010 (  14)                 BRZ   CONTINUE
(3008) 4858  0100100001011000 (  15)                 JSR   DATA
(3009) 0FFA  0000111111111010 (  16)                 BRNZP GETLINE
(300A) 16FF  0001011011111111 (  22) CONTINUE        ADD   R3 R3 #-1
(300B) B652  1011011001010010 (  23)                 STI   R3 MAX_STRING
(300C) 224E  0010001001001110 (  25)                 LD    R1 STRING_HEAD
(300D) 1CE0  0001110011100000 (  27)                 ADD   R6 R3 #0
(300E) 264D  0010011001001101 (  29)                 LD    R3 COUNT_ARRAY
(300F) 2E4B  0010111001001011 (  33) COUNT           LD    R7 STRING_HEAD
(3010) 3249  0011001001001001 (  34)                 ST    R1 STRING_PTR
(3011) A448  1010010001001000 (  35)                 LDI   R2 STRING_PTR
(3012) AA4B  1010101001001011 (  36)                 LDI   R5 MAX_STRING
(3013) 94BF  1001010010111111 (  37)                 NOT   R2 R2
(3014) 14A1  0001010010100001 (  38)                 ADD   R2 R2 #1
(3015) 5920  0101100100100000 (  39)                 AND   R4 R4 #0
(3016) 192F  0001100100101111 (  40)                 ADD   R4 R4 #15
(3017) 192F  0001100100101111 (  41)                 ADD   R4 R4 #15
(3018) 192F  0001100100101111 (  42)                 ADD   R4 R4 #15
(3019) 1923  0001100100100011 (  43)                 ADD   R4 R4 #3
(301A) 3E3F  0011111000111111 (  47) COUNT_LOOP      ST    R7 STRING_PTR
(301B) A03E  1010000000111110 (  48)                 LDI   R0 STRING_PTR
(301C) 1002  0001000000000010 (  49)                 ADD   R0 R0 R2
(301D) 0449  0000010001001001 (  50)                 BRZ   COUNTER
(301E) 1FE1  0001111111100001 (  52) NEXT_COUNT      ADD   R7 R7 #1
(301F) 1B7F  0001101101111111 (  53)                 ADD   R5 R5 #-1
(3020) 03F9  0000001111111001 (  54)                 BRP   COUNT_LOOP
(3021) 1261  0001001001100001 (  55)                 ADD   R1 R1 #1
(3022) B839  1011100000111001 (  56)                 STI   R4 COUNT_ARRAY
(3023) 16E1  0001011011100001 (  57)                 ADD   R3 R3 #1
(3024) 3637  0011011000110111 (  58)                 ST    R3 COUNT_ARRAY
(3025) 1DBF  0001110110111111 (  59)                 ADD   R6 R6 #-1
(3026) 03E8  0000001111101000 (  60)                 BRP   COUNT
(3027) E013  1110000000010011 (  63)                 LEA   R0 PROMPT
(3028) F022  1111000000100010 (  64)                 TRAP  x22
(3029) 2431  0010010000110001 (  66)                 LD    R2 STRING_HEAD
(302A) 2632  0010011000110010 (  67)                 LD    R3 COUNT_ARRAY_TOP
(302B) 342E  0011010000101110 (  68)                 ST    R2 STRING_PTR
(302C) 362F  0011011000101111 (  69)                 ST    R3 COUNT_ARRAY
(302D) AC30  1010110000110000 (  70)                 LDI   R6 MAX_STRING
(302E) A02B  1010000000101011 (  72) OUTPUT          LDI   R0 STRING_PTR
(302F) F021  1111000000100001 (  73)                 TRAP  x21
(3030) A02B  1010000000101011 (  74)                 LDI   R0 COUNT_ARRAY
(3031) F021  1111000000100001 (  75)                 TRAP  x21
(3032) E02C  1110000000101100 (  77)                 LEA   R0 ENTER
(3033) F022  1111000000100010 (  78)                 TRAP  x22
(3034) 14A1  0001010010100001 (  80)                 ADD   R2 R2 #1
(3035) 16E1  0001011011100001 (  81)                 ADD   R3 R3 #1
(3036) 3423  0011010000100011 (  82)                 ST    R2 STRING_PTR
(3037) 3624  0011011000100100 (  83)                 ST    R3 COUNT_ARRAY
(3038) 1DBF  0001110110111111 (  84)                 ADD   R6 R6 #-1
(3039) 03F4  0000001111110100 (  85)                 BRP   OUTPUT
(303A) F025  1111000000100101 (  86)                 TRAP  x25
(303B) 0043  0000000001000011 (  89) PROMPT          .FILL x0043
(303C) 006F  0000000001101111 (  89)                 .FILL x006F
(303D) 0075  0000000001110101 (  89)                 .FILL x0075
(303E) 006E  0000000001101110 (  89)                 .FILL x006E
(303F) 0074  0000000001110100 (  89)                 .FILL x0074
(3040) 0069  0000000001101001 (  89)                 .FILL x0069
(3041) 006E  0000000001101110 (  89)                 .FILL x006E
(3042) 0067  0000000001100111 (  89)                 .FILL x0067
(3043) 002E  0000000000101110 (  89)                 .FILL x002E
(3044) 002E  0000000000101110 (  89)                 .FILL x002E
(3045) 002E  0000000000101110 (  89)                 .FILL x002E
(3046) 000A  0000000000001010 (  89)                 .FILL x000A
(3047) 0000  0000000000000000 (  89)                 .FILL x0000
(3048) 0045  0000000001000101 (  90) USERPROMPT      .FILL x0045
(3049) 006E  0000000001101110 (  90)                 .FILL x006E
(304A) 0074  0000000001110100 (  90)                 .FILL x0074
(304B) 0065  0000000001100101 (  90)                 .FILL x0065
(304C) 0072  0000000001110010 (  90)                 .FILL x0072
(304D) 0020  0000000000100000 (  90)                 .FILL x0020
(304E) 0069  0000000001101001 (  90)                 .FILL x0069
(304F) 006E  0000000001101110 (  90)                 .FILL x006E
(3050) 0020  0000000000100000 (  90)                 .FILL x0020
(3051) 0061  0000000001100001 (  90)                 .FILL x0061
(3052) 0020  0000000000100000 (  90)                 .FILL x0020
(3053) 004E  0000000001001110 (  90)                 .FILL x004E
(3054) 0061  0000000001100001 (  90)                 .FILL x0061
(3055) 006D  0000000001101101 (  90)                 .FILL x006D
(3056) 0065  0000000001100101 (  90)                 .FILL x0065
(3057) 003A  0000000000111010 (  90)                 .FILL x003A
(3058) 0020  0000000000100000 (  90)                 .FILL x0020
(3059) 0000  0000000000000000 (  90)                 .FILL x0000
(305A) 3100  0011000100000000 (  91) STRING_PTR      .FILL x3100
(305B) 3100  0011000100000000 (  92) STRING_HEAD     .FILL x3100
(305C) 3200  0011001000000000 (  93) COUNT_ARRAY     .FILL x3200
(305D) 3200  0011001000000000 (  94) COUNT_ARRAY_TOP .FILL x3200
(305E) 3150  0011000101010000 (  95) MAX_STRING      .FILL x3150
(305F) 000A  0000000000001010 (  96) ENTER           .FILL x000A
(3060) 0000  0000000000000000 (  96)                 .FILL x0000
(3061) 2BF8  0010101111111000 (  99) DATA            LD    R5 STRING_PTR
(3062) B1F7  1011000111110111 ( 100)                 STI   R0 STRING_PTR
(3063) 1B61  0001101101100001 ( 101)                 ADD   R5 R5 #1
(3064) 16E1  0001011011100001 ( 102)                 ADD   R3 R3 #1
(3065) 3BF4  0011101111110100 ( 103)                 ST    R5 STRING_PTR
(3066) C1C0  1100000111000000 ( 104)                 RET   
(3067) 1921  0001100100100001 ( 107) COUNTER         ADD   R4 R4 #1
(3068) 0FB5  0000111110110101 ( 108)                 BRNZP NEXT_COUNT
