(0000) 3000  0011000000000000 (   2)                 .ORIG x3000
(3000) E072  1110000001110010 (   4)                 LEA   R0 USERPROMPT
(3001) F022  1111000000100010 (   5)                 TRAP  x22
(3002) 5DA0  0101110110100000 (   6)                 AND   R6 R6 #0
(3003) 5B60  0101101101100000 (   7)                 AND   R5 R5 #0
(3004) F020  1111000000100000 (  11) GETLINE         TRAP  x20
(3005) F021  1111000000100001 (  12)                 TRAP  x21
(3006) 1836  0001100000110110 (  13)                 ADD   R4 R0 #-10
(3007) 0402  0000010000000010 (  14)                 BRZ   CONTINUE
(3008) 4884  0100100010000100 (  15)                 JSR   DATA
(3009) 0FFA  0000111111111010 (  16)                 BRNZP GETLINE
(300A) 5920  0101100100100000 (  21) CONTINUE        AND   R4 R4 #0
(300B) 56E0  0101011011100000 (  22)                 AND   R3 R3 #0
(300C) 5DA0  0101110110100000 (  23)                 AND   R6 R6 #0
(300D) 1B7F  0001101101111111 (  25)                 ADD   R5 R5 #-1
(300E) BA7D  1011101001111101 (  26)                 STI   R5 MAX_STRING
(300F) 9B7F  1001101101111111 (  27)                 NOT   R5 R5
(3010) 1B61  0001101101100001 (  28)                 ADD   R5 R5 #1
(3011) 2674  0010011001110100 (  30)                 LD    R3 STRING_HEAD
(3012) A873  1010100001110011 (  31)                 LDI   R4 STRING_HEAD
(3013) 2C73  0010110001110011 (  32)                 LD    R6 NEW_ARRAY
(3014) B872  1011100001110010 (  33)                 STI   R4 NEW_ARRAY
(3015) 16E1  0001011011100001 (  35)                 ADD   R3 R3 #1
(3016) 1260  0001001001100000 (  36)                 ADD   R1 R1 #0
(3017) 1DA1  0001110110100001 (  37)                 ADD   R6 R6 #1
(3018) 366C  0011011001101100 (  38)                 ST    R3 STRING_PTR
(3019) 3C6D  0011110001101101 (  39)                 ST    R6 NEW_ARRAY
(301A) 266A  0010011001101010 (  42) CONFIRM_ARRAY   LD    R3 STRING_PTR
(301B) A869  1010100001101001 (  43)                 LDI   R4 STRING_PTR
(301C) 5FE0  0101111111100000 (  45)                 AND   R7 R7 #0
(301D) 11A0  0001000110100000 (  46)                 ADD   R0 R6 #0
(301E) A468  1010010001101000 (  49) CHECK_REPEAT    LDI   R2 NEW_ARRAY
(301F) 94BF  1001010010111111 (  50)                 NOT   R2 R2
(3020) 14A1  0001010010100001 (  51)                 ADD   R2 R2 #1
(3021) 1E84  0001111010000100 (  52)                 ADD   R7 R2 R4
(3022) 0406  0000010000000110 (  53)                 BRZ   NEXT_CHECK
(3023) 103F  0001000000111111 (  54)                 ADD   R0 R0 #-1
(3024) 026D  0000001001101101 (  55)                 BRP   NEXT_ARRAY
(3025) B861  1011100001100001 (  58)                 STI   R4 NEW_ARRAY
(3026) 1261  0001001001100001 (  59)                 ADD   R1 R1 #1
(3027) 1DA1  0001110110100001 (  60)                 ADD   R6 R6 #1
(3028) 3C5E  0011110001011110 (  61)                 ST    R6 NEW_ARRAY
(3029) 16E1  0001011011100001 (  64) NEXT_CHECK      ADD   R3 R3 #1
(302A) 365A  0011011001011010 (  65)                 ST    R3 STRING_PTR
(302B) A85B  1010100001011011 (  66)                 LDI   R4 NEW_ARRAY
(302C) 1F43  0001111101000011 (  67)                 ADD   R7 R5 R3
(302D) 09EC  0000100111101100 (  68)                 BRN   CONFIRM_ARRAY
(302E) B25C  1011001001011100 (  71)                 STI   R1 MAX_ARRAY
(302F) 5260  0101001001100000 (  72)                 AND   R1 R1 #0
(3030) 5260  0101001001100000 (  75)                 AND   R1 R1 #0
(3031) 5FE0  0101111111100000 (  78) COUNT           AND   R7 R7 #0
(3032) 5DA0  0101110110100000 (  79)                 AND   R6 R6 #0
(3033) 2454  0010010001010100 (  80)                 LD    R2 NEW_ARRAY_HEAD
(3034) 3452  0011010001010010 (  81)                 ST    R2 NEW_ARRAY
(3035) A251  1010001001010001 (  82)                 LDI   R1 NEW_ARRAY
(3036) 264F  0010011001001111 (  83)                 LD    R3 STRING_HEAD
(3037) 364D  0011011001001101 (  84)                 ST    R3 STRING_PTR
(3038) A84C  1010100001001100 (  86) CHECK_ARRAY     LDI   R4 STRING_PTR
(3039) 993F  1001100100111111 (  87)                 NOT   R4 R4
(303A) 1921  0001100100100001 (  88)                 ADD   R4 R4 #1
(303B) 1901  0001100100000001 (  89)                 ADD   R4 R4 R1
(303C) 0459  0000010001011001 (  90)                 BRZ   COUNTER
(303D) 16E1  0001011011100001 (  92) NEXT_COUNT      ADD   R3 R3 #1
(303E) 3646  0011011001000110 (  93)                 ST    R3 STRING_PTR
(303F) 1DA1  0001110110100001 (  94)                 ADD   R6 R6 #1
(3040) 1985  0001100110000101 (  95)                 ADD   R4 R6 R5
(3041) 09F6  0000100111110110 (  96)                 BRN   CHECK_ARRAY
(3042) 2846  0010100001000110 (  98)                 LD    R4 COUNT_ARRAY
(3043) 1FEF  0001111111101111 (  99)                 ADD   R7 R7 #15
(3044) 1FEF  0001111111101111 ( 100)                 ADD   R7 R7 #15
(3045) 1FEF  0001111111101111 ( 101)                 ADD   R7 R7 #15
(3046) 1FE3  0001111111100011 ( 102)                 ADD   R7 R7 #3
(3047) BE41  1011111001000001 ( 103)                 STI   R7 COUNT_ARRAY
(3048) 1921  0001100100100001 ( 104)                 ADD   R4 R4 #1
(3049) 383F  0011100000111111 ( 105)                 ST    R4 COUNT_ARRAY
(304A) 14A1  0001010010100001 ( 106)                 ADD   R2 R2 #1
(304B) 343B  0011010000111011 ( 107)                 ST    R2 NEW_ARRAY
(304C) A23A  1010001000111010 ( 108)                 LDI   R1 NEW_ARRAY
(304D) 103F  0001000000111111 ( 109)                 ADD   R0 R0 #-1
(304E) 03E2  0000001111100010 ( 110)                 BRP   COUNT
(304F) E011  1110000000010001 ( 112)                 LEA   R0 PROMPT
(3050) F022  1111000000100010 ( 113)                 TRAP  x22
(3051) 2436  0010010000110110 ( 115)                 LD    R2 NEW_ARRAY_HEAD
(3052) 2637  0010011000110111 ( 116)                 LD    R3 COUNT_ARRAY_TOP
(3053) 3433  0011010000110011 ( 117)                 ST    R2 NEW_ARRAY
(3054) 3634  0011011000110100 ( 118)                 ST    R3 COUNT_ARRAY
(3055) AC35  1010110000110101 ( 119)                 LDI   R6 MAX_ARRAY
(3056) A030  1010000000110000 ( 121) OUTPUT          LDI   R0 NEW_ARRAY
(3057) F021  1111000000100001 ( 122)                 TRAP  x21
(3058) A030  1010000000110000 ( 123)                 LDI   R0 COUNT_ARRAY
(3059) F021  1111000000100001 ( 124)                 TRAP  x21
(305A) 14A1  0001010010100001 ( 125)                 ADD   R2 R2 #1
(305B) 16E1  0001011011100001 ( 126)                 ADD   R3 R3 #1
(305C) 342A  0011010000101010 ( 127)                 ST    R2 NEW_ARRAY
(305D) 362B  0011011000101011 ( 128)                 ST    R3 COUNT_ARRAY
(305E) 1DBF  0001110110111111 ( 129)                 ADD   R6 R6 #-1
(305F) 03F6  0000001111110110 ( 130)                 BRP   OUTPUT
(3060) F025  1111000000100101 ( 131)                 TRAP  x25
(3061) 0043  0000000001000011 ( 134) PROMPT          .FILL x0043
(3062) 0068  0000000001101000 ( 134)                 .FILL x0068
(3063) 0061  0000000001100001 ( 134)                 .FILL x0061
(3064) 0072  0000000001110010 ( 134)                 .FILL x0072
(3065) 0061  0000000001100001 ( 134)                 .FILL x0061
(3066) 0063  0000000001100011 ( 134)                 .FILL x0063
(3067) 0074  0000000001110100 ( 134)                 .FILL x0074
(3068) 0065  0000000001100101 ( 134)                 .FILL x0065
(3069) 0072  0000000001110010 ( 134)                 .FILL x0072
(306A) 0020  0000000000100000 ( 134)                 .FILL x0020
(306B) 0043  0000000001000011 ( 134)                 .FILL x0043
(306C) 006F  0000000001101111 ( 134)                 .FILL x006F
(306D) 0075  0000000001110101 ( 134)                 .FILL x0075
(306E) 006E  0000000001101110 ( 134)                 .FILL x006E
(306F) 0074  0000000001110100 ( 134)                 .FILL x0074
(3070) 0065  0000000001100101 ( 134)                 .FILL x0065
(3071) 0072  0000000001110010 ( 134)                 .FILL x0072
(3072) 0000  0000000000000000 ( 134)                 .FILL x0000
(3073) 0045  0000000001000101 ( 135) USERPROMPT      .FILL x0045
(3074) 006E  0000000001101110 ( 135)                 .FILL x006E
(3075) 0074  0000000001110100 ( 135)                 .FILL x0074
(3076) 0065  0000000001100101 ( 135)                 .FILL x0065
(3077) 0072  0000000001110010 ( 135)                 .FILL x0072
(3078) 0020  0000000000100000 ( 135)                 .FILL x0020
(3079) 0069  0000000001101001 ( 135)                 .FILL x0069
(307A) 006E  0000000001101110 ( 135)                 .FILL x006E
(307B) 0020  0000000000100000 ( 135)                 .FILL x0020
(307C) 0061  0000000001100001 ( 135)                 .FILL x0061
(307D) 0020  0000000000100000 ( 135)                 .FILL x0020
(307E) 004E  0000000001001110 ( 135)                 .FILL x004E
(307F) 0061  0000000001100001 ( 135)                 .FILL x0061
(3080) 006D  0000000001101101 ( 135)                 .FILL x006D
(3081) 0065  0000000001100101 ( 135)                 .FILL x0065
(3082) 003A  0000000000111010 ( 135)                 .FILL x003A
(3083) 0020  0000000000100000 ( 135)                 .FILL x0020
(3084) 0000  0000000000000000 ( 135)                 .FILL x0000
(3085) 3100  0011000100000000 ( 136) STRING_PTR      .FILL x3100
(3086) 3100  0011000100000000 ( 137) STRING_HEAD     .FILL x3100
(3087) 3200  0011001000000000 ( 138) NEW_ARRAY       .FILL x3200
(3088) 3200  0011001000000000 ( 139) NEW_ARRAY_HEAD  .FILL x3200
(3089) 3300  0011001100000000 ( 140) COUNT_ARRAY     .FILL x3300
(308A) 3300  0011001100000000 ( 141) COUNT_ARRAY_TOP .FILL x3300
(308B) 3400  0011010000000000 ( 142) MAX_ARRAY       .FILL x3400
(308C) 3401  0011010000000001 ( 143) MAX_STRING      .FILL x3401
(308D) 2BF7  0010101111110111 ( 146) DATA            LD    R5 STRING_PTR
(308E) B1F6  1011000111110110 ( 147)                 STI   R0 STRING_PTR
(308F) 1B61  0001101101100001 ( 148)                 ADD   R5 R5 #1
(3090) 3BF4  0011101111110100 ( 149)                 ST    R5 STRING_PTR
(3091) C1C0  1100000111000000 ( 150)                 RET   
(3092) 2FF5  0010111111110101 ( 154) NEXT_ARRAY      LD    R7 NEW_ARRAY_HEAD
(3093) 1FC0  0001111111000000 ( 155)                 ADD   R7 R7 R0
(3094) 3FF2  0011111111110010 ( 156)                 ST    R7 NEW_ARRAY
(3095) 0F88  0000111110001000 ( 157)                 BRNZP CHECK_REPEAT
(3096) 1FE1  0001111111100001 ( 160) COUNTER         ADD   R7 R7 #1
(3097) 0FA5  0000111110100101 ( 161)                 BRNZP NEXT_COUNT
