(0000) 3000  0011000000000000 (   2)                 .ORIG x3000
(3000) E042  1110000001000010 (   4)                 LEA   R0 USERPROMPT
(3001) F022  1111000000100010 (   5)                 TRAP  x22
(3002) 5DA0  0101110110100000 (   6)                 AND   R6 R6 #0
(3003) 5B60  0101101101100000 (   7)                 AND   R5 R5 #0
(3004) F020  1111000000100000 (  11) GETLINE         TRAP  x20
(3005) F021  1111000000100001 (  12)                 TRAP  x21
(3006) 1836  0001100000110110 (  13)                 ADD   R4 R0 #-10
(3007) 0402  0000010000000010 (  14)                 BRZ   CONTINUE
(3008) 4853  0100100001010011 (  15)                 JSR   DATA
(3009) 0FFA  0000111111111010 (  16)                 BRNZP GETLINE
(300A) 16FF  0001011011111111 (  22) CONTINUE        ADD   R3 R3 #-1
(300B) B64D  1011011001001101 (  23)                 STI   R3 MAX_STRING
(300C) 2249  0010001001001001 (  25)                 LD    R1 STRING_HEAD
(300D) 1CE0  0001110011100000 (  27)                 ADD   R6 R3 #0
(300E) 2648  0010011001001000 (  29)                 LD    R3 COUNT_ARRAY
(300F) 2E46  0010111001000110 (  33) COUNT           LD    R7 STRING_HEAD
(3010) 3244  0011001001000100 (  34)                 ST    R1 STRING_PTR
(3011) A443  1010010001000011 (  35)                 LDI   R2 STRING_PTR
(3012) AA46  1010101001000110 (  36)                 LDI   R5 MAX_STRING
(3013) 94BF  1001010010111111 (  37)                 NOT   R2 R2
(3014) 5920  0101100100100000 (  41) COUNT_LOOP      AND   R4 R4 #0
(3015) 3E3F  0011111000111111 (  43)                 ST    R7 STRING_PTR
(3016) A03E  1010000000111110 (  44)                 LDI   R0 STRING_PTR
(3017) 1002  0001000000000010 (  45)                 ADD   R0 R0 R2
(3018) 0449  0000010001001001 (  46)                 BRZ   COUNTER
(3019) 1FE1  0001111111100001 (  48) NEXT_COUNT      ADD   R7 R7 #1
(301A) 1B7F  0001101101111111 (  49)                 ADD   R5 R5 #-1
(301B) 03F8  0000001111111000 (  50)                 BRP   COUNT_LOOP
(301C) 1261  0001001001100001 (  51)                 ADD   R1 R1 #1
(301D) B839  1011100000111001 (  52)                 STI   R4 COUNT_ARRAY
(301E) 16E1  0001011011100001 (  53)                 ADD   R3 R3 #1
(301F) 3637  0011011000110111 (  54)                 ST    R3 COUNT_ARRAY
(3020) 1DBF  0001110110111111 (  55)                 ADD   R6 R6 #-1
(3021) 03ED  0000001111101101 (  56)                 BRP   COUNT
(3022) E013  1110000000010011 (  59)                 LEA   R0 PROMPT
(3023) F022  1111000000100010 (  60)                 TRAP  x22
(3024) 2431  0010010000110001 (  62)                 LD    R2 STRING_HEAD
(3025) 2632  0010011000110010 (  63)                 LD    R3 COUNT_ARRAY_TOP
(3026) 342E  0011010000101110 (  64)                 ST    R2 STRING_PTR
(3027) 362F  0011011000101111 (  65)                 ST    R3 COUNT_ARRAY
(3028) AC30  1010110000110000 (  66)                 LDI   R6 MAX_STRING
(3029) A02B  1010000000101011 (  68) OUTPUT          LDI   R0 STRING_PTR
(302A) F021  1111000000100001 (  69)                 TRAP  x21
(302B) A02B  1010000000101011 (  70)                 LDI   R0 COUNT_ARRAY
(302C) F021  1111000000100001 (  71)                 TRAP  x21
(302D) E02C  1110000000101100 (  73)                 LEA   R0 ENTER
(302E) F022  1111000000100010 (  74)                 TRAP  x22
(302F) 14A1  0001010010100001 (  76)                 ADD   R2 R2 #1
(3030) 16E1  0001011011100001 (  77)                 ADD   R3 R3 #1
(3031) 3423  0011010000100011 (  78)                 ST    R2 STRING_PTR
(3032) 3624  0011011000100100 (  79)                 ST    R3 COUNT_ARRAY
(3033) 1DBF  0001110110111111 (  80)                 ADD   R6 R6 #-1
(3034) 03F4  0000001111110100 (  81)                 BRP   OUTPUT
(3035) F025  1111000000100101 (  82)                 TRAP  x25
(3036) 0043  0000000001000011 (  85) PROMPT          .FILL x0043
(3037) 006F  0000000001101111 (  85)                 .FILL x006F
(3038) 0075  0000000001110101 (  85)                 .FILL x0075
(3039) 006E  0000000001101110 (  85)                 .FILL x006E
(303A) 0074  0000000001110100 (  85)                 .FILL x0074
(303B) 0069  0000000001101001 (  85)                 .FILL x0069
(303C) 006E  0000000001101110 (  85)                 .FILL x006E
(303D) 0067  0000000001100111 (  85)                 .FILL x0067
(303E) 002E  0000000000101110 (  85)                 .FILL x002E
(303F) 002E  0000000000101110 (  85)                 .FILL x002E
(3040) 002E  0000000000101110 (  85)                 .FILL x002E
(3041) 000A  0000000000001010 (  85)                 .FILL x000A
(3042) 0000  0000000000000000 (  85)                 .FILL x0000
(3043) 0045  0000000001000101 (  86) USERPROMPT      .FILL x0045
(3044) 006E  0000000001101110 (  86)                 .FILL x006E
(3045) 0074  0000000001110100 (  86)                 .FILL x0074
(3046) 0065  0000000001100101 (  86)                 .FILL x0065
(3047) 0072  0000000001110010 (  86)                 .FILL x0072
(3048) 0020  0000000000100000 (  86)                 .FILL x0020
(3049) 0069  0000000001101001 (  86)                 .FILL x0069
(304A) 006E  0000000001101110 (  86)                 .FILL x006E
(304B) 0020  0000000000100000 (  86)                 .FILL x0020
(304C) 0061  0000000001100001 (  86)                 .FILL x0061
(304D) 0020  0000000000100000 (  86)                 .FILL x0020
(304E) 004E  0000000001001110 (  86)                 .FILL x004E
(304F) 0061  0000000001100001 (  86)                 .FILL x0061
(3050) 006D  0000000001101101 (  86)                 .FILL x006D
(3051) 0065  0000000001100101 (  86)                 .FILL x0065
(3052) 003A  0000000000111010 (  86)                 .FILL x003A
(3053) 0020  0000000000100000 (  86)                 .FILL x0020
(3054) 0000  0000000000000000 (  86)                 .FILL x0000
(3055) 3100  0011000100000000 (  87) STRING_PTR      .FILL x3100
(3056) 3100  0011000100000000 (  88) STRING_HEAD     .FILL x3100
(3057) 3200  0011001000000000 (  89) COUNT_ARRAY     .FILL x3200
(3058) 3200  0011001000000000 (  90) COUNT_ARRAY_TOP .FILL x3200
(3059) 3150  0011000101010000 (  91) MAX_STRING      .FILL x3150
(305A) 000A  0000000000001010 (  92) ENTER           .FILL x000A
(305B) 0000  0000000000000000 (  92)                 .FILL x0000
(305C) 2BF8  0010101111111000 (  95) DATA            LD    R5 STRING_PTR
(305D) B1F7  1011000111110111 (  96)                 STI   R0 STRING_PTR
(305E) 1B61  0001101101100001 (  97)                 ADD   R5 R5 #1
(305F) 16E1  0001011011100001 (  98)                 ADD   R3 R3 #1
(3060) 3BF4  0011101111110100 (  99)                 ST    R5 STRING_PTR
(3061) C1C0  1100000111000000 ( 100)                 RET   
(3062) 1921  0001100100100001 ( 103) COUNTER         ADD   R4 R4 #1
(3063) 0FB5  0000111110110101 ( 104)                 BRNZP NEXT_COUNT
