(0000) 3000  0011000000000000 (   2)                 .ORIG x3000
(3000) E00E  1110000000001110 (   4)                 LEA   R0 USERPROMPT
(3001) F022  1111000000100010 (   5)                 TRAP  x22
(3002) 5DA0  0101110110100000 (   6)                 AND   R6 R6 #0
(3003) F020  1111000000100000 (  10) GETLINE         TRAP  x20
(3004) F021  1111000000100001 (  11)                 TRAP  x21
(3005) 1836  0001100000110110 (  12)                 ADD   R4 R0 #-10
(3006) 0402  0000010000000010 (  13)                 BRZ   CONTINUE
(3007) 481B  0100100000011011 (  14)                 JSR   DATA
(3008) 0FFA  0000111111111010 (  15)                 BRNZP GETLINE
(3009) 2218  0010001000011000 (  19) CONTINUE        LD    R1 STRING_HEAD
(300A) 1261  0001001001100001 (  20)                 ADD   R1 R1 #1
(300B) 3216  0011001000010110 (  21)                 ST    R1 STRING_HEAD
(300C) A015  1010000000010101 (  22)                 LDI   R0 STRING_HEAD
(300D) F021  1111000000100001 (  23)                 TRAP  x21
(300E) F025  1111000000100101 (  24)                 TRAP  x25
(300F) 0045  0000000001000101 (  27) USERPROMPT      .FILL x0045
(3010) 006E  0000000001101110 (  27)                 .FILL x006E
(3011) 0074  0000000001110100 (  27)                 .FILL x0074
(3012) 0065  0000000001100101 (  27)                 .FILL x0065
(3013) 0072  0000000001110010 (  27)                 .FILL x0072
(3014) 0020  0000000000100000 (  27)                 .FILL x0020
(3015) 0069  0000000001101001 (  27)                 .FILL x0069
(3016) 006E  0000000001101110 (  27)                 .FILL x006E
(3017) 0020  0000000000100000 (  27)                 .FILL x0020
(3018) 0061  0000000001100001 (  27)                 .FILL x0061
(3019) 0020  0000000000100000 (  27)                 .FILL x0020
(301A) 004E  0000000001001110 (  27)                 .FILL x004E
(301B) 0061  0000000001100001 (  27)                 .FILL x0061
(301C) 006D  0000000001101101 (  27)                 .FILL x006D
(301D) 0065  0000000001100101 (  27)                 .FILL x0065
(301E) 003A  0000000000111010 (  27)                 .FILL x003A
(301F) 0020  0000000000100000 (  27)                 .FILL x0020
(3020) 0000  0000000000000000 (  27)                 .FILL x0000
(3021) 3100  0011000100000000 (  28) STRING_PTR      .FILL x3100
(3022) 3100  0011000100000000 (  29) STRING_HEAD     .FILL x3100
(3023) 2BFD  0010101111111101 (  32) DATA            LD    R5 STRING_PTR
(3024) B1FC  1011000111111100 (  33)                 STI   R0 STRING_PTR
(3025) 1B61  0001101101100001 (  34)                 ADD   R5 R5 #1
(3026) 3BFA  0011101111111010 (  35)                 ST    R5 STRING_PTR
(3027) C1C0  1100000111000000 (  36)                 RET   
